2024-05-22 12:10:52 0 [Note] Starting MariaDB 10.4.32-MariaDB source revision c4143f909528e3fab0677a28631d10389354c491 as process 33220
2024-05-22 12:10:52 0 [Note] InnoDB: Mutexes and rw_locks use Windows interlocked functions
2024-05-22 12:10:52 0 [Note] InnoDB: Uses event mutexes
2024-05-22 12:10:52 0 [Note] InnoDB: Compressed tables use zlib 1.3
2024-05-22 12:10:52 0 [Note] InnoDB: Number of pools: 1
2024-05-22 12:10:52 0 [Note] InnoDB: Using SSE2 crc32 instructions
2024-05-22 12:10:52 0 [Note] InnoDB: Initializing buffer pool, total size = 16M, instances = 1, chunk size = 16M
2024-05-22 12:10:52 0 [Note] InnoDB: Completed initialization of buffer pool
2024-05-22 12:10:52 0 [Note] InnoDB: Starting crash recovery from checkpoint LSN=300288
2024-05-22 12:10:52 0 [Note] InnoDB: 128 out of 128 rollback segments are active.
2024-05-22 12:10:52 0 [Note] InnoDB: Removed temporary tablespace data file: "ibtmp1"
2024-05-22 12:10:52 0 [Note] InnoDB: Creating shared tablespace for temporary tables
2024-05-22 12:10:52 0 [Note] InnoDB: Setting file 'C:\xampp\mysql\data\ibtmp1' size to 12 MB. Physically writing the file full; Please wait ...
2024-05-22 12:10:52 0 [Note] InnoDB: File 'C:\xampp\mysql\data\ibtmp1' size is now 12 MB.
2024-05-22 12:10:52 0 [Note] InnoDB: Waiting for purge to start
2024-05-22 12:10:52 0 [Note] InnoDB: 10.4.32 started; log sequence number 300297; transaction id 170
2024-05-22 12:10:52 0 [Note] InnoDB: Loading buffer pool(s) from C:\xampp\mysql\data\ib_buffer_pool
2024-05-22 12:10:52 0 [Note] Plugin 'FEEDBACK' is disabled.
2024-05-22 12:10:52 0 [Note] Server socket created on IP: '::'.
2024-05-22 15:56:31 0 [Note] Starting MariaDB 10.4.32-MariaDB source revision c4143f909528e3fab0677a28631d10389354c491 as process 38404
2024-05-22 15:56:31 0 [Note] InnoDB: Mutexes and rw_locks use Windows interlocked functions
2024-05-22 15:56:31 0 [Note] InnoDB: Uses event mutexes
2024-05-22 15:56:31 0 [Note] InnoDB: Compressed tables use zlib 1.3
2024-05-22 15:56:31 0 [Note] InnoDB: Number of pools: 1
2024-05-22 15:56:31 0 [Note] InnoDB: Using SSE2 crc32 instructions
2024-05-22 15:56:31 0 [Note] InnoDB: Initializing buffer pool, total size = 16M, instances = 1, chunk size = 16M
2024-05-22 15:56:31 0 [Note] InnoDB: Completed initialization of buffer pool
2024-05-22 15:56:31 0 [Note] InnoDB: Starting crash recovery from checkpoint LSN=300306
2024-05-22 15:56:32 0 [Note] InnoDB: 128 out of 128 rollback segments are active.
2024-05-22 15:56:32 0 [Note] InnoDB: Removed temporary tablespace data file: "ibtmp1"
2024-05-22 15:56:32 0 [Note] InnoDB: Creating shared tablespace for temporary tables
2024-05-22 15:56:32 0 [Note] InnoDB: Setting file 'C:\xampp\mysql\data\ibtmp1' size to 12 MB. Physically writing the file full; Please wait ...
2024-05-22 15:56:32 0 [Note] InnoDB: File 'C:\xampp\mysql\data\ibtmp1' size is now 12 MB.
2024-05-22 15:56:32 0 [Note] InnoDB: Waiting for purge to start
2024-05-22 15:56:32 0 [Note] InnoDB: 10.4.32 started; log sequence number 300315; transaction id 170
2024-05-22 15:56:32 0 [Note] InnoDB: Loading buffer pool(s) from C:\xampp\mysql\data\ib_buffer_pool
2024-05-22 15:56:32 0 [Note] Plugin 'FEEDBACK' is disabled.
2024-05-22 15:56:32 0 [Note] InnoDB: Buffer pool(s) load completed at 240522 15:56:32
2024-05-22 15:56:32 0 [Note] Server socket created on IP: '::'.
2024-05-22 16:04:44 0 [Note] Starting MariaDB 10.4.32-MariaDB source revision c4143f909528e3fab0677a28631d10389354c491 as process 42476
2024-05-22 16:04:44 0 [Note] InnoDB: Mutexes and rw_locks use Windows interlocked functions
2024-05-22 16:04:44 0 [Note] InnoDB: Uses event mutexes
2024-05-22 16:04:44 0 [Note] InnoDB: Compressed tables use zlib 1.3
2024-05-22 16:04:44 0 [Note] InnoDB: Number of pools: 1
2024-05-22 16:04:44 0 [Note] InnoDB: Using SSE2 crc32 instructions
2024-05-22 16:04:44 0 [Note] InnoDB: Initializing buffer pool, total size = 16M, instances = 1, chunk size = 16M
2024-05-22 16:04:44 0 [Note] InnoDB: Completed initialization of buffer pool
2024-05-22 16:04:44 0 [Note] InnoDB: Starting crash recovery from checkpoint LSN=300324
2024-05-22 16:04:44 0 [Note] InnoDB: 128 out of 128 rollback segments are active.
2024-05-22 16:04:44 0 [Note] InnoDB: Removed temporary tablespace data file: "ibtmp1"
2024-05-22 16:04:44 0 [Note] InnoDB: Creating shared tablespace for temporary tables
2024-05-22 16:04:44 0 [Note] InnoDB: Setting file 'C:\xampp\mysql\data\ibtmp1' size to 12 MB. Physically writing the file full; Please wait ...
2024-05-22 16:04:44 0 [Note] InnoDB: File 'C:\xampp\mysql\data\ibtmp1' size is now 12 MB.
2024-05-22 16:04:44 0 [Note] InnoDB: Waiting for purge to start
2024-05-22 16:04:44 0 [Note] InnoDB: 10.4.32 started; log sequence number 300333; transaction id 170
2024-05-22 16:04:44 0 [Note] InnoDB: Loading buffer pool(s) from C:\xampp\mysql\data\ib_buffer_pool
2024-05-22 16:04:44 0 [Note] Plugin 'FEEDBACK' is disabled.
2024-05-22 16:04:44 0 [Note] Server socket created on IP: '::'.
2024-05-22 16:04:44 0 [Note] InnoDB: Buffer pool(s) load completed at 240522 16:04:44
2024-05-22 16:42:51 0 [Note] Starting MariaDB 10.4.32-MariaDB source revision c4143f909528e3fab0677a28631d10389354c491 as process 29604
2024-05-22 16:42:51 0 [Note] InnoDB: Mutexes and rw_locks use Windows interlocked functions
2024-05-22 16:42:51 0 [Note] InnoDB: Uses event mutexes
2024-05-22 16:42:51 0 [Note] InnoDB: Compressed tables use zlib 1.3
2024-05-22 16:42:51 0 [Note] InnoDB: Number of pools: 1
2024-05-22 16:42:51 0 [Note] InnoDB: Using SSE2 crc32 instructions
2024-05-22 16:42:51 0 [Note] InnoDB: Initializing buffer pool, total size = 16M, instances = 1, chunk size = 16M
2024-05-22 16:42:51 0 [Note] InnoDB: Completed initialization of buffer pool
2024-05-22 16:42:51 0 [Note] InnoDB: Starting crash recovery from checkpoint LSN=300342
2024-05-22 16:42:51 0 [Note] InnoDB: 128 out of 128 rollback segments are active.
2024-05-22 16:42:51 0 [Note] InnoDB: Removed temporary tablespace data file: "ibtmp1"
2024-05-22 16:42:51 0 [Note] InnoDB: Creating shared tablespace for temporary tables
2024-05-22 16:42:51 0 [Note] InnoDB: Setting file 'C:\xampp\mysql\data\ibtmp1' size to 12 MB. Physically writing the file full; Please wait ...
2024-05-22 16:42:51 0 [Note] InnoDB: File 'C:\xampp\mysql\data\ibtmp1' size is now 12 MB.
2024-05-22 16:42:51 0 [Note] InnoDB: Waiting for purge to start
2024-05-22 16:42:51 0 [Note] InnoDB: 10.4.32 started; log sequence number 300351; transaction id 170
2024-05-22 16:42:51 0 [Note] InnoDB: Loading buffer pool(s) from C:\xampp\mysql\data\ib_buffer_pool
2024-05-22 16:42:51 0 [Note] Plugin 'FEEDBACK' is disabled.
2024-05-22 16:42:51 0 [Note] Server socket created on IP: '::'.
2024-05-23  9:25:38 0 [Note] Starting MariaDB 10.4.32-MariaDB source revision c4143f909528e3fab0677a28631d10389354c491 as process 28960
2024-05-23  9:25:38 0 [Note] mysqld.exe: Aria engine: starting recovery
recovered pages: 0% 14% 57% 85% 96% 100% (0.0 seconds); tables to flush: 2 1 0
 (0.0 seconds); 
2024-05-23  9:25:38 0 [Note] mysqld.exe: Aria engine: recovery done
2024-05-23  9:25:38 0 [Note] InnoDB: Mutexes and rw_locks use Windows interlocked functions
2024-05-23  9:25:38 0 [Note] InnoDB: Uses event mutexes
2024-05-23  9:25:38 0 [Note] InnoDB: Compressed tables use zlib 1.3
2024-05-23  9:25:38 0 [Note] InnoDB: Number of pools: 1
2024-05-23  9:25:38 0 [Note] InnoDB: Using SSE2 crc32 instructions
2024-05-23  9:25:38 0 [Note] InnoDB: Initializing buffer pool, total size = 16M, instances = 1, chunk size = 16M
2024-05-23  9:25:38 0 [Note] InnoDB: Completed initialization of buffer pool
2024-05-23  9:25:38 0 [Note] InnoDB: Starting crash recovery from checkpoint LSN=304191
2024-05-23  9:25:39 0 [Note] InnoDB: 128 out of 128 rollback segments are active.
2024-05-23  9:25:39 0 [Note] InnoDB: Removed temporary tablespace data file: "ibtmp1"
2024-05-23  9:25:39 0 [Note] InnoDB: Creating shared tablespace for temporary tables
2024-05-23  9:25:39 0 [Note] InnoDB: Setting file 'C:\xampp\mysql\data\ibtmp1' size to 12 MB. Physically writing the file full; Please wait ...
2024-05-23  9:25:39 0 [Note] InnoDB: File 'C:\xampp\mysql\data\ibtmp1' size is now 12 MB.
2024-05-23  9:25:39 0 [Note] InnoDB: Waiting for purge to start
2024-05-23  9:25:39 0 [Note] InnoDB: 10.4.32 started; log sequence number 304200; transaction id 195
2024-05-23  9:25:39 0 [Note] InnoDB: Loading buffer pool(s) from C:\xampp\mysql\data\ib_buffer_pool
2024-05-23  9:25:39 0 [Note] Plugin 'FEEDBACK' is disabled.
2024-05-23  9:25:39 0 [Note] Server socket created on IP: '::'.
2024-05-23  9:42:40 0 [Note] Starting MariaDB 10.4.32-MariaDB source revision c4143f909528e3fab0677a28631d10389354c491 as process 39840
2024-05-23  9:42:40 0 [Note] mysqld.exe: Aria engine: starting recovery
recovered pages: 0% 14% 57% 84% 95% 100% (0.0 seconds); tables to flush: 2 1 0
 (0.0 seconds); 
2024-05-23  9:42:40 0 [Note] mysqld.exe: Aria engine: recovery done
2024-05-23  9:42:40 0 [Note] InnoDB: Mutexes and rw_locks use Windows interlocked functions
2024-05-23  9:42:40 0 [Note] InnoDB: Uses event mutexes
2024-05-23  9:42:40 0 [Note] InnoDB: Compressed tables use zlib 1.3
2024-05-23  9:42:40 0 [Note] InnoDB: Number of pools: 1
2024-05-23  9:42:40 0 [Note] InnoDB: Using SSE2 crc32 instructions
2024-05-23  9:42:40 0 [Note] InnoDB: Initializing buffer pool, total size = 16M, instances = 1, chunk size = 16M
2024-05-23  9:42:40 0 [Note] InnoDB: Completed initialization of buffer pool
2024-05-23  9:42:40 0 [Note] InnoDB: Starting crash recovery from checkpoint LSN=304191
2024-05-23  9:42:40 0 [Warning] InnoDB: Ignoring a doublewrite copy of page [page id: space=0, page number=193] with future log sequence number 304507
2024-05-23  9:42:40 0 [Warning] InnoDB: Ignoring a doublewrite copy of page [page id: space=0, page number=330] with future log sequence number 304507
2024-05-23  9:42:40 0 [ERROR] InnoDB: Page [page id: space=0, page number=193] log sequence number 304507 is in the future! Current system log sequence number 304209.
2024-05-23  9:42:40 0 [ERROR] InnoDB: Your database may be corrupt or you may have copied the InnoDB tablespace but not the InnoDB log files. Please refer to https://mariadb.com/kb/en/library/innodb-recovery-modes/ for information about forcing recovery.
2024-05-23  9:42:40 0 [ERROR] InnoDB: Page [page id: space=0, page number=330] log sequence number 304507 is in the future! Current system log sequence number 304209.
2024-05-23  9:42:40 0 [ERROR] InnoDB: Your database may be corrupt or you may have copied the InnoDB tablespace but not the InnoDB log files. Please refer to https://mariadb.com/kb/en/library/innodb-recovery-modes/ for information about forcing recovery.
2024-05-23  9:42:40 0 [Note] InnoDB: 128 out of 128 rollback segments are active.
2024-05-23  9:42:40 0 [Note] InnoDB: Removed temporary tablespace data file: "ibtmp1"
2024-05-23  9:42:40 0 [Note] InnoDB: Creating shared tablespace for temporary tables
2024-05-23  9:42:40 0 [Note] InnoDB: Setting file 'C:\xampp\mysql\data\ibtmp1' size to 12 MB. Physically writing the file full; Please wait ...
2024-05-23  9:42:40 0 [Note] InnoDB: File 'C:\xampp\mysql\data\ibtmp1' size is now 12 MB.
2024-05-23  9:42:40 0 [Note] InnoDB: Waiting for purge to start
2024-05-23  9:42:40 0 [Note] InnoDB: 10.4.32 started; log sequence number 304200; transaction id 218
2024-05-23  9:42:40 0 [Note] InnoDB: Loading buffer pool(s) from C:\xampp\mysql\data\ib_buffer_pool
2024-05-23  9:42:40 0 [Note] Plugin 'FEEDBACK' is disabled.
2024-05-23  9:42:40 0 [Note] Server socket created on IP: '::'.
2024-05-23  9:42:40 0 [ERROR] Can't start server: Bind on TCP/IP port. Got error: 10048: Elk socketadres (protocol/netwerkadres/poort) kan normaal slechts één keer worden gebruikt.

2024-05-23  9:42:40 0 [ERROR] Do you already have another mysqld server running on port: 3306 ?
2024-05-23  9:42:40 0 [ERROR] Aborting
2024-05-23  9:46:47 0 [Note] Starting MariaDB 10.4.32-MariaDB source revision c4143f909528e3fab0677a28631d10389354c491 as process 32836
2024-05-23  9:46:47 0 [Note] InnoDB: Mutexes and rw_locks use Windows interlocked functions
2024-05-23  9:46:47 0 [Note] InnoDB: Uses event mutexes
2024-05-23  9:46:47 0 [Note] InnoDB: Compressed tables use zlib 1.3
2024-05-23  9:46:47 0 [Note] InnoDB: Number of pools: 1
2024-05-23  9:46:47 0 [Note] InnoDB: Using SSE2 crc32 instructions
2024-05-23  9:46:47 0 [Note] InnoDB: Initializing buffer pool, total size = 16M, instances = 1, chunk size = 16M
2024-05-23  9:46:47 0 [Note] InnoDB: Completed initialization of buffer pool
2024-05-23  9:46:47 0 [ERROR] InnoDB: Page [page id: space=0, page number=193] log sequence number 304507 is in the future! Current system log sequence number 304218.
2024-05-23  9:46:47 0 [ERROR] InnoDB: Your database may be corrupt or you may have copied the InnoDB tablespace but not the InnoDB log files. Please refer to https://mariadb.com/kb/en/library/innodb-recovery-modes/ for information about forcing recovery.
2024-05-23  9:46:47 0 [ERROR] InnoDB: Page [page id: space=0, page number=330] log sequence number 304507 is in the future! Current system log sequence number 304218.
2024-05-23  9:46:47 0 [ERROR] InnoDB: Your database may be corrupt or you may have copied the InnoDB tablespace but not the InnoDB log files. Please refer to https://mariadb.com/kb/en/library/innodb-recovery-modes/ for information about forcing recovery.
2024-05-23  9:46:47 0 [Note] InnoDB: 128 out of 128 rollback segments are active.
2024-05-23  9:46:47 0 [Note] InnoDB: Creating shared tablespace for temporary tables
2024-05-23  9:46:47 0 [Note] InnoDB: Setting file 'C:\xampp\mysql\data\ibtmp1' size to 12 MB. Physically writing the file full; Please wait ...
2024-05-23  9:46:47 0 [Note] InnoDB: File 'C:\xampp\mysql\data\ibtmp1' size is now 12 MB.
2024-05-23  9:46:47 0 [Note] InnoDB: Waiting for purge to start
2024-05-23  9:46:47 0 [Note] InnoDB: 10.4.32 started; log sequence number 304209; transaction id 218
2024-05-23  9:46:47 0 [Note] InnoDB: Loading buffer pool(s) from C:\xampp\mysql\data\ib_buffer_pool
2024-05-23  9:46:47 0 [Note] Plugin 'FEEDBACK' is disabled.
2024-05-23  9:46:47 0 [Note] Server socket created on IP: '::'.
2024-05-25 13:01:17 0 [Note] Starting MariaDB 10.4.32-MariaDB source revision c4143f909528e3fab0677a28631d10389354c491 as process 34900
2024-05-25 13:01:17 0 [Note] InnoDB: Mutexes and rw_locks use Windows interlocked functions
2024-05-25 13:01:17 0 [Note] InnoDB: Uses event mutexes
2024-05-25 13:01:17 0 [Note] InnoDB: Compressed tables use zlib 1.3
2024-05-25 13:01:17 0 [Note] InnoDB: Number of pools: 1
2024-05-25 13:01:17 0 [Note] InnoDB: Using SSE2 crc32 instructions
2024-05-25 13:01:17 0 [Note] InnoDB: Initializing buffer pool, total size = 16M, instances = 1, chunk size = 16M
2024-05-25 13:01:17 0 [Note] InnoDB: Completed initialization of buffer pool
2024-05-25 13:01:17 0 [Note] InnoDB: Starting crash recovery from checkpoint LSN=307193
2024-05-25 13:01:17 0 [Note] InnoDB: 128 out of 128 rollback segments are active.
2024-05-25 13:01:17 0 [Note] InnoDB: Removed temporary tablespace data file: "ibtmp1"
2024-05-25 13:01:17 0 [Note] InnoDB: Creating shared tablespace for temporary tables
2024-05-25 13:01:17 0 [Note] InnoDB: Setting file 'C:\xampp\mysql\data\ibtmp1' size to 12 MB. Physically writing the file full; Please wait ...
2024-05-25 13:01:17 0 [Note] InnoDB: File 'C:\xampp\mysql\data\ibtmp1' size is now 12 MB.
2024-05-25 13:01:17 0 [Note] InnoDB: Waiting for purge to start
2024-05-25 13:01:18 0 [Note] InnoDB: 10.4.32 started; log sequence number 307218; transaction id 229
2024-05-25 13:01:18 0 [Note] Plugin 'FEEDBACK' is disabled.
2024-05-25 13:01:18 0 [Note] InnoDB: Loading buffer pool(s) from C:\xampp\mysql\data\ib_buffer_pool
2024-05-25 13:01:18 0 [Note] InnoDB: Buffer pool(s) load completed at 240525 13:01:18
2024-05-25 13:01:18 0 [Note] Server socket created on IP: '::'.
2024-05-27 11:12:18 0 [Note] Starting MariaDB 10.4.32-MariaDB source revision c4143f909528e3fab0677a28631d10389354c491 as process 8248
2024-05-27 11:12:18 0 [Note] InnoDB: Mutexes and rw_locks use Windows interlocked functions
2024-05-27 11:12:18 0 [Note] InnoDB: Uses event mutexes
2024-05-27 11:12:18 0 [Note] InnoDB: Compressed tables use zlib 1.3
2024-05-27 11:12:18 0 [Note] InnoDB: Number of pools: 1
2024-05-27 11:12:18 0 [Note] InnoDB: Using SSE2 crc32 instructions
2024-05-27 11:12:18 0 [Note] InnoDB: Initializing buffer pool, total size = 16M, instances = 1, chunk size = 16M
2024-05-27 11:12:18 0 [Note] InnoDB: Completed initialization of buffer pool
2024-05-27 11:12:18 0 [Note] InnoDB: Starting crash recovery from checkpoint LSN=307227
2024-05-27 11:12:18 0 [Note] InnoDB: 128 out of 128 rollback segments are active.
2024-05-27 11:12:18 0 [Note] InnoDB: Removed temporary tablespace data file: "ibtmp1"
2024-05-27 11:12:18 0 [Note] InnoDB: Creating shared tablespace for temporary tables
2024-05-27 11:12:18 0 [Note] InnoDB: Setting file 'C:\xampp\mysql\data\ibtmp1' size to 12 MB. Physically writing the file full; Please wait ...
2024-05-27 11:12:18 0 [Note] InnoDB: File 'C:\xampp\mysql\data\ibtmp1' size is now 12 MB.
2024-05-27 11:12:18 0 [Note] InnoDB: Waiting for purge to start
2024-05-27 11:12:19 0 [Note] InnoDB: 10.4.32 started; log sequence number 307236; transaction id 229
2024-05-27 11:12:19 0 [Note] InnoDB: Loading buffer pool(s) from C:\xampp\mysql\data\ib_buffer_pool
2024-05-27 11:12:19 0 [Note] Plugin 'FEEDBACK' is disabled.
2024-05-27 11:12:19 0 [Note] InnoDB: Buffer pool(s) load completed at 240527 11:12:19
2024-05-27 11:12:19 0 [Note] Server socket created on IP: '::'.
